INFO:root:log this line of execution1
INFO:root:this is my print
WARNING:root:this is my warning
ERROR:root:this is my error
CRITICAL:root:this is my critical message
INFO:root:this is my info logging
ERROR:root:this is my error message
INFO:root:this is my info logging
ERROR:root:this is my error message
CRITICAL:root:this is my critical message
INFO:root:this is my info logging
ERROR:root:this is my error message
CRITICAL:root:this is my critical message
INFO:root:this is my info logging
ERROR:root:this is my error message
CRITICAL:root:this is my critical message
INFO:root:this is my info logging
ERROR:root:this is my error message
CRITICAL:root:this is my critical message
INFO:root:log this line of execution1
INFO:root:this is my print
WARNING:root:this is my warning
ERROR:root:this is my error
CRITICAL:root:this is my critical message
INFO:root:this is my info logging
ERROR:root:this is my error message
CRITICAL:root:this is my critical message
INFO:root:this is my info logging
ERROR:root:this is my error message
CRITICAL:root:this is my critical message
INFO:root:this is my info logging
ERROR:root:this is my error message
CRITICAL:root:this is my critical message
INFO:root:this is my info logging
ERROR:root:this is my error message
CRITICAL:root:this is my critical message
INFO:root:this is my info logging
ERROR:root:this is my error message
CRITICAL:root:this is my critical message
INFO:root:this is my info logging
ERROR:root:this is my error message
CRITICAL:root:this is my critical message
INFO:root:this is my info logging
ERROR:root:this is my error message
CRITICAL:root:this is my critical message
