2023-07-25 07:21:34,088 root INFO this is my info logging
2023-07-25 07:21:34,088 root ERROR this is my error message
2023-07-25 07:21:34,088 root CRITICAL this is my critical message
2023-07-25 07:26:36,140 parso.cache DEBUG pickle loaded: /opt/conda/lib/python3.10/site-packages/jedi/third_party/typeshed/stdlib/3/builtins.pyi
2023-07-25 07:26:36,191 parso.cache DEBUG pickle loaded: /opt/conda/lib/python3.10/typing.py
2023-07-25 07:26:36,221 parso.cache DEBUG pickle loaded: /opt/conda/lib/python3.10/site-packages/jedi/third_party/typeshed/stdlib/3/typing.pyi
2023-07-25 07:26:36,422 parso.cache DEBUG pickle loaded: /opt/conda/lib/python3.10/site-packages/jedi/third_party/typeshed/stdlib/3/sys.pyi
2023-07-25 07:29:10,179 parso.python.diff DEBUG diff parser start
2023-07-25 07:29:10,179 parso.python.diff DEBUG line_lengths old: 9; new: 6
2023-07-25 07:29:10,179 parso.python.diff DEBUG -> code[equal] old[1:3] new[1:3]
2023-07-25 07:29:10,179 parso.python.diff DEBUG copy old[1:2] new[1:2]
2023-07-25 07:29:10,180 parso.python.diff DEBUG parse_part from 3 to 6 (to 5 in part parser)
2023-07-25 07:29:10,181 parso.python.diff DEBUG -> code[insert] old[4:3] new[4:4]
2023-07-25 07:29:10,181 parso.python.diff DEBUG -> code[equal] old[4:4] new[5:5]
2023-07-25 07:29:10,181 parso.python.diff DEBUG -> code[replace] old[5:9] new[6:6]
2023-07-25 07:29:10,181 parso.python.diff DEBUG diff parser end
2023-07-25 07:29:41,109 parso.python.diff DEBUG diff parser start
2023-07-25 07:29:41,109 parso.python.diff DEBUG line_lengths old: 6; new: 8
2023-07-25 07:29:41,109 parso.python.diff DEBUG -> code[equal] old[1:5] new[1:5]
2023-07-25 07:29:41,109 parso.python.diff DEBUG copy old[1:2] new[1:2]
2023-07-25 07:29:41,111 parso.python.diff DEBUG parse_part from 3 to 8 (to 7 in part parser)
2023-07-25 07:29:41,111 parso.python.diff DEBUG -> code[replace] old[6:6] new[6:8]
2023-07-25 07:29:41,111 parso.python.diff DEBUG diff parser end
2023-07-25 07:29:44,771 parso.python.diff DEBUG diff parser start
2023-07-25 07:29:44,771 parso.python.diff DEBUG line_lengths old: 8; new: 8
2023-07-25 07:29:44,771 parso.python.diff DEBUG -> code[equal] old[1:7] new[1:7]
2023-07-25 07:29:44,771 parso.python.diff DEBUG copy old[1:2] new[1:2]
2023-07-25 07:29:44,773 parso.python.diff DEBUG parse_part from 3 to 8 (to 7 in part parser)
2023-07-25 07:29:44,773 parso.python.diff DEBUG -> code[replace] old[8:8] new[8:8]
2023-07-25 07:29:44,773 parso.python.diff DEBUG diff parser end
2023-07-25 07:29:44,797 parso.cache DEBUG pickle loaded: /opt/conda/lib/python3.10/logging/__init__.py
2023-07-25 07:30:08,110 parso.python.diff DEBUG diff parser start
2023-07-25 07:30:08,110 parso.python.diff DEBUG line_lengths old: 8; new: 10
2023-07-25 07:30:08,110 parso.python.diff DEBUG -> code[equal] old[1:7] new[1:7]
2023-07-25 07:30:08,110 parso.python.diff DEBUG copy old[1:2] new[1:2]
2023-07-25 07:30:08,112 parso.python.diff DEBUG parse_part from 3 to 10 (to 9 in part parser)
2023-07-25 07:30:08,112 parso.python.diff DEBUG -> code[replace] old[8:8] new[8:10]
2023-07-25 07:30:08,112 parso.python.diff DEBUG diff parser end
2023-07-25 07:30:09,680 parso.python.diff DEBUG diff parser start
2023-07-25 07:30:09,682 parso.python.diff DEBUG line_lengths old: 10; new: 10
2023-07-25 07:30:09,682 parso.python.diff DEBUG -> code[equal] old[1:9] new[1:9]
2023-07-25 07:30:09,682 parso.python.diff DEBUG copy old[1:2] new[1:2]
2023-07-25 07:30:09,691 parso.python.diff DEBUG parse_part from 3 to 10 (to 9 in part parser)
2023-07-25 07:30:09,691 parso.python.diff DEBUG -> code[replace] old[10:10] new[10:10]
2023-07-25 07:30:09,691 parso.python.diff DEBUG diff parser end
2023-07-25 07:30:35,481 root INFO we are iterating through our list and local variable is i
2023-07-25 07:30:35,481 root INFO we are iterating through our list and local variable is i
2023-07-25 07:30:35,481 root INFO we are iterating through our list and local variable is i
2023-07-25 07:30:35,481 root INFO we are iterating through our list and local variable is i
2023-07-25 07:30:35,481 root INFO we are iterating through our list and local variable is i
2023-07-25 07:30:35,482 root INFO I'm inside if statement and I'm trying to check list type
2023-07-25 07:30:35,482 root INFO I'm inside another list to check for int in list
2023-07-25 07:30:35,482 root INFO I'm inside if statment
2023-07-25 07:30:35,482 root INFO I'm inside another list to check for int in list
2023-07-25 07:30:35,482 root INFO I'm inside if statment
2023-07-25 07:30:35,482 root INFO I'm inside another list to check for int in list
2023-07-25 07:30:35,482 root INFO I'm inside if statment
2023-07-25 07:30:35,482 root INFO we are iterating through our list and local variable is i
2023-07-25 07:30:35,482 root INFO we are iterating through our list and local variable is i
2023-07-25 07:30:58,577 root INFO we are iterating through our list and local variable is i
2023-07-25 07:30:58,577 root INFO we are iterating through our list and local variable is i
2023-07-25 07:30:58,577 root INFO we are iterating through our list and local variable is i
2023-07-25 07:30:58,577 root INFO we are iterating through our list and local variable is i
2023-07-25 07:30:58,577 root INFO we are iterating through our list and local variable is i
2023-07-25 07:30:58,577 root INFO I'm inside if statement and I'm trying to check list type
2023-07-25 07:30:58,577 root INFO I'm inside another list to check for int in list
2023-07-25 07:30:58,577 root INFO I'm inside if statment
2023-07-25 07:30:58,577 root INFO I'm inside another list to check for int in list
2023-07-25 07:30:58,577 root INFO I'm inside if statment
2023-07-25 07:30:58,577 root INFO I'm inside another list to check for int in list
2023-07-25 07:30:58,578 root INFO I'm inside if statment
2023-07-25 07:30:58,578 root INFO we are iterating through our list and local variable is i
2023-07-25 07:30:58,578 root INFO we are iterating through our list and local variable is i
2023-07-25 08:37:10,312 root INFO this is my info logging
2023-07-25 08:37:10,313 root ERROR this is my error message
2023-07-25 08:37:10,313 root CRITICAL this is my critical message
2023-07-25 08:37:13,648 root INFO we are iterating through our list and local variable is i
2023-07-25 08:37:13,648 root INFO we are iterating through our list and local variable is i
2023-07-25 08:37:13,649 root INFO we are iterating through our list and local variable is i
2023-07-25 08:37:13,649 root INFO we are iterating through our list and local variable is i
2023-07-25 08:37:13,649 root INFO we are iterating through our list and local variable is i
2023-07-25 08:37:13,649 root INFO I'm inside if statement and I'm trying to check list type
2023-07-25 08:37:13,649 root INFO I'm inside another list to check for int in list
2023-07-25 08:37:13,649 root INFO I'm inside if statment
2023-07-25 08:37:13,649 root INFO I'm inside another list to check for int in list
2023-07-25 08:37:13,649 root INFO I'm inside if statment
2023-07-25 08:37:13,649 root INFO I'm inside another list to check for int in list
2023-07-25 08:37:13,649 root INFO I'm inside if statment
2023-07-25 08:37:13,649 root INFO we are iterating through our list and local variable is i
2023-07-25 08:37:13,649 root INFO we are iterating through our list and local variable is i
2023-07-25 08:37:13,649 root INFO my final reult is [1, 2, 3, 4, 1, 2, 3] and ['bharath', 'chandran']
2023-07-25 08:37:37,604 root INFO we are iterating through our list and local variable is i
2023-07-25 08:37:37,604 root INFO we are iterating through our list and local variable is i
2023-07-25 08:37:37,604 root INFO we are iterating through our list and local variable is i
2023-07-25 08:37:37,605 root INFO we are iterating through our list and local variable is i
2023-07-25 08:37:37,605 root INFO we are iterating through our list and local variable is i
2023-07-25 08:37:37,605 root INFO I'm inside if statement and I'm trying to check list type
2023-07-25 08:37:37,605 root INFO I'm inside another list to check for int in list
2023-07-25 08:37:37,605 root INFO I'm inside if statment
2023-07-25 08:37:37,605 root INFO I'm inside another list to check for int in list
2023-07-25 08:37:37,605 root INFO I'm inside if statment
2023-07-25 08:37:37,605 root INFO I'm inside another list to check for int in list
2023-07-25 08:37:37,605 root INFO I'm inside if statment
2023-07-25 08:37:37,605 root INFO we are iterating through our list and local variable is i
2023-07-25 08:37:37,605 root INFO we are iterating through our list and local variable is i
2023-07-25 08:37:37,605 root INFO my final reult is [1, 2, 3, 4, 1, 2, 3] and ['bharath', 'chandran']
2023-07-25 08:38:03,495 root INFO we are iterating through our list and local variable is i
2023-07-25 08:38:03,495 root INFO we are iterating through our list and local variable is i
2023-07-25 08:38:03,495 root INFO we are iterating through our list and local variable is i
2023-07-25 08:38:03,496 root INFO we are iterating through our list and local variable is i
2023-07-25 08:38:03,496 root INFO we are iterating through our list and local variable is i
2023-07-25 08:38:03,496 root INFO I'm inside if statement and I'm trying to check list type
2023-07-25 08:38:03,496 root INFO I'm inside another list to check for int in list
2023-07-25 08:38:03,496 root INFO I'm inside if statment
2023-07-25 08:38:03,496 root INFO I'm inside another list to check for int in list
2023-07-25 08:38:03,496 root INFO I'm inside if statment
2023-07-25 08:38:03,496 root INFO I'm inside another list to check for int in list
2023-07-25 08:38:03,496 root INFO I'm inside if statment
2023-07-25 08:38:03,496 root INFO we are iterating through our list and local variable is i
2023-07-25 08:38:03,496 root INFO we are iterating through our list and local variable is i
2023-07-25 08:38:03,496 root INFO my final reult is [1, 2, 3, 4, 1, 2, 3] and ['bharath', 'chandran']
